#-----------------------------------------------------------
# Webtalk v2015.1 (64-bit)
# SW Build 1215546 on Mon Apr 27 19:37:43 MDT 2015
# 
# Start of session at: Sat Jun 27 23:23:00 2015
# Process ID: 7504
# Log file: E:/aHardware/Linux2/hehe2/try_2/try_2.sdk/webtalk/webtalk.log
# Journal file: E:/aHardware/Linux2/hehe2/try_2/try_2.sdk/webtalk\webtalk.jou
#-----------------------------------------------------------
source sdk_webtalk.tcl
# webtalk_init -webtalk_dir E:\\aHardware\\Linux2\\hehe2\\try_2\\try_2.sdk\\webtalk
# webtalk_register_client -client project
# webtalk_add_data -client project -key date_generated -value "ÐÇÆÚÁù ÁùÔÂ 27 23:22:44 2015" -context "software_version_and_target_device"
# webtalk_add_data -client project -key product_version -value "SDK v2015.1" -context "software_version_and_target_device"
# webtalk_add_data -client project -key build_version -value "2015.1" -context "software_version_and_target_device"
# webtalk_add_data -client project -key os_platform -value "amd64" -context "software_version_and_target_device"
# webtalk_add_data -client project -key registration_id -value "207600880_1777491182_0_870" -context "software_version_and_target_device"
# webtalk_add_data -client project -key tool_flow -value "SDK" -context "software_version_and_target_device"
# webtalk_add_data -client project -key beta -value "false" -context "software_version_and_target_device"
# webtalk_add_data -client project -key route_design -value "NA" -context "software_version_and_target_device"
# webtalk_add_data -client project -key target_family -value "NA" -context "software_version_and_target_device"
# webtalk_add_data -client project -key target_device -value "NA" -context "software_version_and_target_device"
# webtalk_add_data -client project -key target_package -value "NA" -context "software_version_and_target_device"
# webtalk_add_data -client project -key target_speed -value "NA" -context "software_version_and_target_device"
# webtalk_add_data -client project -key random_id -value "9ctcjotc0b20oraam4g2q0uhfs" -context "software_version_and_target_device"
# webtalk_add_data -client project -key project_id -value "2015.1_2" -context "software_version_and_target_device"
# webtalk_add_data -client project -key project_iteration -value "2" -context "software_version_and_target_device"
# webtalk_add_data -client project -key os_name -value "Microsoft Windows 7 , 64-bit" -context "user_environment"
# webtalk_add_data -client project -key os_release -value "Service Pack 1  (build 7601)" -context "user_environment"
# webtalk_add_data -client project -key cpu_name -value "Intel(R) Core(TM) i5-2450M CPU @ 2.50GHz" -context "user_environment"
# webtalk_add_data -client project -key cpu_speed -value "2491 MHz" -context "user_environment"
# webtalk_add_data -client project -key total_processors -value "1" -context "user_environment"
# webtalk_add_data -client project -key system_ram -value "4.000 GB" -context "user_environment"
# webtalk_register_client -client sdk
# webtalk_add_data -client sdk -key uid -value "1435380241258" -context "sdk\\\\hardware/1435380241258"
# webtalk_add_data -client sdk -key isZynq -value "true" -context "sdk\\\\hardware/1435380241258"
# webtalk_add_data -client sdk -key Processors -value "2" -context "sdk\\\\hardware/1435380241258"
# webtalk_add_data -client sdk -key VivadoVersion -value "2015.1" -context "sdk\\\\hardware/1435380241258"
# webtalk_add_data -client sdk -key Arch -value "zynq" -context "sdk\\\\hardware/1435380241258"
# webtalk_add_data -client sdk -key Device -value "7z010" -context "sdk\\\\hardware/1435380241258"
# webtalk_add_data -client sdk -key IsHandoff -value "true" -context "sdk\\\\hardware/1435380241258"
# webtalk_transmit -clientid 3887258917 -regid "207600880_1777491182_0_870" -xml E:\\aHardware\\Linux2\\hehe2\\try_2\\try_2.sdk\\webtalk\\usage_statistics_ext_sdk.xml -html E:\\aHardware\\Linux2\\hehe2\\try_2\\try_2.sdk\\webtalk\\usage_statistics_ext_sdk.html -wdm E:\\aHardware\\Linux2\\hehe2\\try_2\\try_2.sdk\\webtalk\\sdk_webtalk.wdm -intro "<H3>SDK Usage Report</H3><BR>"
webtalk_transmit: Time (s): cpu = 00:00:00 ; elapsed = 00:00:11 . Memory (MB): peak = 55.176 ; gain = 0.250

    while executing
"webtalk_transmit -clientid 3887258917 -regid "207600880_1777491182_0_870" -xml E:\\aHardware\\Linux2\\hehe2\\try_2\\try_2.sdk\\webtalk\\usage_statisti..."
    (file "sdk_webtalk.tcl" line 32)
INFO: [Common 17-206] Exiting Webtalk at Sat Jun 27 23:23:38 2015...
